[2024-05-19 23:38:52] [PlayersReceiveKitEvent] Player "DuLin0816" received "fumo" of "GET".
[2024-05-19 23:38:56] [PlayersReceiveKitEvent] Player "DuLin0816" received "fumo" of "GET".
[2024-05-19 23:39:29] [PlayersReceiveKitEvent] Player "neokoni" received "fumo" of "GET".
[2024-05-19 23:39:30] [PlayersReceiveKitEvent] Player "neokoni" received "fumo" of "GET".
[2024-05-19 23:39:30] [PlayersReceiveKitEvent] Player "neokoni" received "fumo" of "GET".
[2024-05-19 23:39:31] [PlayersReceiveKitEvent] Player "neokoni" received "fumo" of "GET".
[2024-05-19 23:39:31] [PlayersReceiveKitEvent] Player "neokoni" received "fumo" of "GET".
[2024-05-19 23:40:20] [PlayersReceiveKitEvent] Player "DuLin0816" received "fumo" of "GET".
[2024-05-19 23:40:21] [PlayersReceiveKitEvent] Player "DuLin0816" received "fumo" of "GET".
[2024-05-19 23:40:21] [PlayersReceiveKitEvent] Player "DuLin0816" received "fumo" of "GET".
[2024-05-19 23:42:34] [PlayersReceiveKitEvent] 玩家 "neokoni" 收到 "GET" 的礼包 "fumo".
[2024-05-19 23:42:34] [PlayersReceiveKitEvent] 玩家 "neokoni" 收到 "GET" 的礼包 "fumo".
[2024-05-19 23:42:35] [PlayersReceiveKitEvent] 玩家 "neokoni" 收到 "GET" 的礼包 "fumo".
[2024-05-19 23:42:35] [PlayersReceiveKitEvent] 玩家 "neokoni" 收到 "GET" 的礼包 "fumo".
[2024-05-19 23:42:37] [PlayersReceiveKitEvent] 玩家 "neokoni" 收到 "GET" 的礼包 "fumo".
[2024-05-19 23:42:37] [PlayersReceiveKitEvent] 玩家 "neokoni" 收到 "GET" 的礼包 "fumo".
[2024-05-19 23:42:37] [PlayersReceiveKitEvent] 玩家 "neokoni" 收到 "GET" 的礼包 "fumo".
[2024-05-19 23:42:38] [PlayersReceiveKitEvent] 玩家 "neokoni" 收到 "GET" 的礼包 "fumo".
[2024-05-19 23:43:37] [PlayersReceiveKitEvent] 玩家 "neokoni" 收到 "GET" 的礼包 "fumo".
[2024-05-19 23:43:38] [PlayersReceiveKitEvent] 玩家 "neokoni" 收到 "GET" 的礼包 "fumo".
[2024-05-19 23:43:38] [PlayersReceiveKitEvent] 玩家 "neokoni" 收到 "GET" 的礼包 "fumo".
[2024-05-19 23:43:39] [PlayersReceiveKitEvent] 玩家 "neokoni" 收到 "GET" 的礼包 "fumo".
[2024-05-19 23:50:24] [PlayersReceiveKitEvent] 玩家 "DuLin0816" 收到 "GET" 的礼包 "fumo".
[2024-05-20 05:07:15] [PlayersReceiveKitEvent] 玩家 "gjyyds1" 收到 "GET" 的礼包 "fumo".
